mode: set
github.com/dimasyudhana/latihan-deployment.git/app/features/user/usecase/logic.go:13.42,17.2 1 1
github.com/dimasyudhana/latihan-deployment.git/app/features/user/usecase/logic.go:19.56,21.16 2 1
github.com/dimasyudhana/latihan-deployment.git/app/features/user/usecase/logic.go:25.2,25.12 1 1
github.com/dimasyudhana/latihan-deployment.git/app/features/user/usecase/logic.go:21.16,23.3 1 1
github.com/dimasyudhana/latihan-deployment.git/app/features/user/usecase/logic.go:28.78,30.16 2 1
github.com/dimasyudhana/latihan-deployment.git/app/features/user/usecase/logic.go:33.2,33.20 1 1
github.com/dimasyudhana/latihan-deployment.git/app/features/user/usecase/logic.go:30.16,32.3 1 1
github.com/dimasyudhana/latihan-deployment.git/app/features/user/usecase/logic.go:36.100,38.16 2 1
github.com/dimasyudhana/latihan-deployment.git/app/features/user/usecase/logic.go:42.2,48.63 2 1
github.com/dimasyudhana/latihan-deployment.git/app/features/user/usecase/logic.go:52.2,52.25 1 1
github.com/dimasyudhana/latihan-deployment.git/app/features/user/usecase/logic.go:38.16,40.3 1 1
github.com/dimasyudhana/latihan-deployment.git/app/features/user/usecase/logic.go:48.63,50.3 1 0
github.com/dimasyudhana/latihan-deployment.git/app/features/user/usecase/logic.go:55.70,57.16 2 1
github.com/dimasyudhana/latihan-deployment.git/app/features/user/usecase/logic.go:61.2,61.19 1 1
github.com/dimasyudhana/latihan-deployment.git/app/features/user/usecase/logic.go:57.16,59.3 1 1
